2025-11-19 09:40:00 INFO Application started
2025-11-19 09:40:01 INFO Database connection established
2025-11-19 09:40:02 INFO Server listening on port 3000
2025-11-19 09:40:03 INFO Ready to accept connections
2025-11-19 09:45:10 WARN High memory usage detected
2025-11-19 09:45:15 INFO New user registered: user123
2025-11-19 09:50:20 ERROR Failed to send email to user
2025-11-19 09:50:25 INFO Email service restarted successfully
2025-11-19 09:55:30 INFO Scheduled maintenance starting at midnight
2025-11-19 09:55:35 INFO Backup completed successfully
2025-11-19 10:00:00 INFO Application running smoothly
2025-11-19 10:05:10 WARN Disk space running low
2025-11-19 10:10:20 INFO User user123 logged in
2025-11-19 10:15:30 ERROR Database timeout occurred
2025-11-19 10:20:40 INFO Database connection re-established
2025-11-19 10:25:50 INFO New feature deployed successfully
2025-11-19 10:30:00 INFO Application health check passed
2025-11-19 10:35:10 WARN CPU usage high
2025-11-19 10:40:20 INFO User user456 registered
2025-11-19 10:45:30 ERROR Failed to process payment
2025-11-19 10:50:40 INFO Payment service restarted
2025-11-19 10:55:50 INFO System monitoring enabled
2025-11-19 11:00:00 INFO Application shutdown initiated
2025-11-19 11:00:05 INFO Application stopped successfully
2025-11-19 11:05:10 INFO Application started
2025-11-19 10:14:00 INFO New log entry added
2025-11-19 10:14:01 INFO Testing real-time streaming
2025-11-19 10:14:02 ERROR This is an error message
2025-11-19 10:14:03 INFO Application processing request
2025-11-19 10:14:04 WARN This is a warning message rutwik
2025-11-19 10:14:05 INFO Application request completed rutwik2025-11-19 10:19:39 INFO Log entry 1
2025-11-19 10:19:40 INFO Log entry 2
2025-11-19 10:19:41 INFO Log entry 3
2025-11-19 10:19:42 INFO Log entry 4
2025-11-19 10:19:43 INFO Log entry 5
2025-11-19 10:19:44 INFO Log entry 6
2025-11-19 10:19:45 INFO Log entry 7
2025-11-19 10:19:46 INFO Log entry 8
2025-11-19 10:19:47 INFO Log entry 9
2025-11-19 10:19:48 INFO Log entry 10
